using cpu device
trainset:window_20_train
testset:window_20_test
model:ResNet
using cpu device
trainset:window_20_train
testset:window_20_test
model:ResNet
loss is CrossEntropyLoss()
optimizer is Adam (
Parameter Group 0
    amsgrad: False
    betas: (0.9, 0.999)
    capturable: False
    differentiable: False
    eps: 1e-08
    foreach: None
    fused: None
    lr: 0.0003
    maximize: False
    weight_decay: 0.01
)
using cpu device
trainset:window_20_train
testset:window_20_test
model:ResNet
loss is CrossEntropyLoss()
optimizer is Adam (
Parameter Group 0
    amsgrad: False
    betas: (0.9, 0.999)
    capturable: False
    differentiable: False
    eps: 1e-08
    foreach: None
    fused: None
    lr: 0.0003
    maximize: False
    weight_decay: 0.01
)
using cpu device
trainset:window_20_train
testset:window_20_test
model:ResNet
loss is CrossEntropyLoss()
optimizer is Adam (
Parameter Group 0
    amsgrad: False
    betas: (0.9, 0.999)
    capturable: False
    differentiable: False
    eps: 1e-08
    foreach: None
    fused: None
    lr: 0.0003
    maximize: False
    weight_decay: 0.01
)
Epoch [0][5]	 Batch [0][5]	 Training Loss 0.6960	 Accuracy 0.4375	 Time(Iter) 2.6935
Epoch [0]	 Average training loss 0.6862	 Average validation loss 0.7559	 Average validation accuracy 0.5574	 Average validation f1 0.0000
Epoch [1][5]	 Batch [0][5]	 Training Loss 0.6883	 Accuracy 0.6250	 Time(Iter) 2.3583
Epoch [1]	 Average training loss 0.6872	 Average validation loss 0.7559	 Average validation accuracy 0.5574	 Average validation f1 0.0000
Epoch [2][5]	 Batch [0][5]	 Training Loss 0.6961	 Accuracy 0.6172	 Time(Iter) 3.1305
Epoch [2]	 Average training loss 0.7018	 Average validation loss 0.7559	 Average validation accuracy 0.5574	 Average validation f1 0.0000
Epoch [3][5]	 Batch [0][5]	 Training Loss 0.6883	 Accuracy 0.6250	 Time(Iter) 2.1260
Epoch [3]	 Average training loss 0.7360	 Average validation loss 0.7559	 Average validation accuracy 0.5574	 Average validation f1 0.0000
Epoch [4][5]	 Batch [0][5]	 Training Loss 0.7039	 Accuracy 0.6094	 Time(Iter) 2.2222
Epoch [4]	 Average training loss 0.6969	 Average validation loss 0.7559	 Average validation accuracy 0.5574	 Average validation f1 0.0000
using cpu device
trainset:window_20_train
testset:window_20_test
model:cnn_20
loss is CrossEntropyLoss()
optimizer is Adam (
Parameter Group 0
    amsgrad: False
    betas: (0.9, 0.999)
    capturable: False
    differentiable: False
    eps: 1e-08
    foreach: None
    fused: None
    lr: 0.0003
    maximize: False
    weight_decay: 0.01
)
using cpu device
trainset:window_20_train
testset:window_20_test
model:cnn_20
loss is CrossEntropyLoss()
optimizer is Adam (
Parameter Group 0
    amsgrad: False
    betas: (0.9, 0.999)
    capturable: False
    differentiable: False
    eps: 1e-08
    foreach: None
    fused: None
    lr: 0.0003
    maximize: False
    weight_decay: 0.01
)
using cpu device
trainset:window_20_train
testset:window_20_test
model:cnn_20
loss is CrossEntropyLoss()
optimizer is Adam (
Parameter Group 0
    amsgrad: False
    betas: (0.9, 0.999)
    capturable: False
    differentiable: False
    eps: 1e-08
    foreach: None
    fused: None
    lr: 0.0003
    maximize: False
    weight_decay: 0.01
)
using cpu device
trainset:window_20_train
testset:window_20_test
model:cnn_20
loss is CrossEntropyLoss()
optimizer is Adam (
Parameter Group 0
    amsgrad: False
    betas: (0.9, 0.999)
    capturable: False
    differentiable: False
    eps: 1e-08
    foreach: None
    fused: None
    lr: 0.0003
    maximize: False
    weight_decay: 0.01
)
using cpu device
trainset:window_20_train
testset:window_20_test
model:cnn_20
loss is CrossEntropyLoss()
optimizer is Adam (
Parameter Group 0
    amsgrad: False
    betas: (0.9, 0.999)
    capturable: False
    differentiable: False
    eps: 1e-08
    foreach: None
    fused: None
    lr: 0.0003
    maximize: False
    weight_decay: 0.01
)
using cpu device
trainset:window_20_train
testset:window_20_test
model:cnn_20
loss is CrossEntropyLoss()
optimizer is Adam (
Parameter Group 0
    amsgrad: False
    betas: (0.9, 0.999)
    capturable: False
    differentiable: False
    eps: 1e-08
    foreach: None
    fused: None
    lr: 0.0003
    maximize: False
    weight_decay: 0.01
)
using cpu device
trainset:window_20_train
testset:window_20_test
model:cnn_20
loss is CrossEntropyLoss()
optimizer is Adam (
Parameter Group 0
    amsgrad: False
    betas: (0.9, 0.999)
    capturable: False
    differentiable: False
    eps: 1e-08
    foreach: None
    fused: None
    lr: 0.0003
    maximize: False
    weight_decay: 0.01
)
using cpu device
trainset:window_20_train
testset:window_20_test
model:cnn_20
loss is CrossEntropyLoss()
optimizer is Adam (
Parameter Group 0
    amsgrad: False
    betas: (0.9, 0.999)
    capturable: False
    differentiable: False
    eps: 1e-08
    foreach: None
    fused: None
    lr: 0.0003
    maximize: False
    weight_decay: 0.01
)
Epoch [0][2]	 Batch [0][5]	 Training Loss 0.6992	 Accuracy 0.5234	 Time(Iter) 2.7496
Epoch [0]	 Average training loss 0.7106	 Average validation loss 0.6275	 Average validation accuracy 0.6721	 Average validation f1 0.0000
Epoch [1][2]	 Batch [0][5]	 Training Loss 0.6835	 Accuracy 0.6328	 Time(Iter) 2.6232
Epoch [1]	 Average training loss 0.7028	 Average validation loss 0.6378	 Average validation accuracy 0.6721	 Average validation f1 0.0000
Testing...
Drawing...
using cpu device
trainset:window_20_train
testset:window_20_test
model:cnn_20
loss is CrossEntropyLoss()
optimizer is Adam (
Parameter Group 0
    amsgrad: False
    betas: (0.9, 0.999)
    capturable: False
    differentiable: False
    eps: 1e-08
    foreach: None
    fused: None
    lr: 0.0003
    maximize: False
    weight_decay: 0.01
)
Epoch [0][2]	 Batch [0][5]	 Training Loss 0.7139	 Accuracy 0.5234	 Time(Iter) 4.0038
Epoch [0]	 Average training loss 0.8761	 Average validation loss 0.8204	 Average validation accuracy 0.3607	 Average validation f1 0.5301
Epoch [1][2]	 Batch [0][5]	 Training Loss 0.8788	 Accuracy 0.4375	 Time(Iter) 2.5477
Epoch [1]	 Average training loss 0.8695	 Average validation loss 0.9340	 Average validation accuracy 0.3607	 Average validation f1 0.5301
Testing...
Drawing...
using cpu device
trainset:window_20_train
testset:window_20_test
model:cnn_20
loss is CrossEntropyLoss()
optimizer is Adam (
Parameter Group 0
    amsgrad: False
    betas: (0.9, 0.999)
    capturable: False
    differentiable: False
    eps: 1e-08
    foreach: None
    fused: None
    lr: 0.0003
    maximize: False
    weight_decay: 0.01
)
using cpu device
trainset:window_20_train
testset:window_20_test
model:cnn_20
loss is CrossEntropyLoss()
optimizer is Adam (
Parameter Group 0
    amsgrad: False
    betas: (0.9, 0.999)
    capturable: False
    differentiable: False
    eps: 1e-08
    foreach: None
    fused: None
    lr: 0.0003
    maximize: False
    weight_decay: 0.01
)
Epoch [0][2]	 Batch [0][5]	 Training Loss 0.6912	 Accuracy 0.5859	 Time(Iter) 4.3777
Epoch [0]	 Average training loss 0.6404	 Average validation loss 0.6705	 Average validation accuracy 0.7541	 Average validation f1 0.4828
Epoch [1][2]	 Batch [0][5]	 Training Loss 0.5006	 Accuracy 0.8125	 Time(Iter) 2.8811
Epoch [1]	 Average training loss 0.5141	 Average validation loss 0.6010	 Average validation accuracy 0.6557	 Average validation f1 0.0870
Testing...
Drawing...
using cpu device
trainset:window_20_train
testset:window_20_test
model:cnn_20
loss is CrossEntropyLoss()
optimizer is Adam (
Parameter Group 0
    amsgrad: False
    betas: (0.9, 0.999)
    capturable: False
    differentiable: False
    eps: 1e-08
    foreach: None
    fused: None
    lr: 0.0003
    maximize: False
    weight_decay: 0.01
)
Epoch [0][2]	 Batch [0][5]	 Training Loss 0.7110	 Accuracy 0.4922	 Time(Iter) 3.1741
Epoch [0]	 Average training loss 0.7034	 Average validation loss 0.6723	 Average validation accuracy 0.6230	 Average validation f1 0.0000
Epoch [1][2]	 Batch [0][5]	 Training Loss 0.6935	 Accuracy 0.6562	 Time(Iter) 3.4704
Epoch [1]	 Average training loss 0.7016	 Average validation loss 0.6895	 Average validation accuracy 0.6230	 Average validation f1 0.0000
Testing...
Drawing...
Draw Done
